<?xml version="1.0" encoding="UTF-8"?>
<!-- Generated by org.testng.reporters.JUnitReportReporter -->
<testsuite hostname="DESKTOP-R3IULL6" failures="0" tests="1" name="testautomation.uiautomation.testing.AppTest" time="9.331" errors="0" timestamp="02 Feb 2021 21:56:45 GMT" skipped="0">
  <testcase classname="testautomation.uiautomation.testing.AppTest" name="test" time="9.331"/>
</testsuite> <!-- testautomation.uiautomation.testing.AppTest -->
