<?xml version="1.0" encoding="UTF-8"?>
<!-- Generated by org.testng.reporters.JUnitReportReporter -->
<testsuite hostname="DESKTOP-R3IULL6" failures="0" tests="1" name="testautomation.uiautomation.testing.AppTest" time="12.886" errors="0" timestamp="06 Feb 2021 10:58:31 GMT" skipped="0">
  <testcase classname="testautomation.uiautomation.testing.AppTest" name="test" time="12.886"/>
</testsuite> <!-- testautomation.uiautomation.testing.AppTest -->
