<?xml version="1.0" encoding="UTF-8"?>
<!-- Generated by org.testng.reporters.JUnitReportReporter -->
<testsuite hostname="DESKTOP-R3IULL6" failures="0" tests="1" name="testautomation.uiautomation.testing.AppTest" time="10.455" errors="0" timestamp="05 Feb 2021 23:35:12 GMT" skipped="0">
  <testcase classname="testautomation.uiautomation.testing.AppTest" name="test" time="10.455"/>
</testsuite> <!-- testautomation.uiautomation.testing.AppTest -->
