<?xml version="1.0" encoding="UTF-8"?>
<!-- Generated by org.testng.reporters.JUnitReportReporter -->
<testsuite hostname="DESKTOP-R3IULL6" failures="0" tests="1" name="testautomation.uiautomation.testing.AppTest" time="10.668" errors="0" timestamp="05 Feb 2021 10:25:00 GMT" skipped="0">
  <testcase classname="testautomation.uiautomation.testing.AppTest" name="test" time="10.668"/>
</testsuite> <!-- testautomation.uiautomation.testing.AppTest -->
