<?xml version="1.0" encoding="UTF-8"?>
<!-- Generated by org.testng.reporters.JUnitReportReporter -->
<testsuite hostname="DESKTOP-R3IULL6" failures="0" tests="2" name="testautomation.uiautomation.testing.AppTest" time="28.712" errors="0" timestamp="09 Feb 2021 22:23:46 GMT" skipped="0">
  <testcase classname="testautomation.uiautomation.testing.AppTest" name="login" time="15.071"/>
  <testcase classname="testautomation.uiautomation.testing.AppTest" name="login" time="13.641"/>
</testsuite> <!-- testautomation.uiautomation.testing.AppTest -->
