<?xml version="1.0" encoding="UTF-8"?>
<!-- Generated by org.testng.reporters.JUnitReportReporter -->
<testsuite hostname="DESKTOP-R3IULL6" failures="0" tests="2" name="testautomation.uiautomation.testing.AppTest" time="25.064" errors="0" timestamp="10 Feb 2021 10:45:12 GMT" skipped="0">
  <testcase classname="testautomation.uiautomation.testing.AppTest" name="login" time="13.394"/>
  <testcase classname="testautomation.uiautomation.testing.AppTest" name="login" time="11.670"/>
</testsuite> <!-- testautomation.uiautomation.testing.AppTest -->
