<?xml version="1.0" encoding="UTF-8"?>
<!-- Generated by org.testng.reporters.JUnitReportReporter -->
<testsuite hostname="DESKTOP-R3IULL6" failures="0" tests="1" name="testautomation.uiautomation.testing.AppTest" time="0.040" errors="0" timestamp="31 Jan 2021 18:06:00 GMT" skipped="0">
  <testcase classname="testautomation.uiautomation.testing.AppTest" name="test" time="0.040"/>
</testsuite> <!-- testautomation.uiautomation.testing.AppTest -->
